#
# There is insufficient memory for the Java Runtime Environment to continue.
# Native memory allocation (malloc) failed to allocate 1048576 bytes. Error detail: AllocateHeap
# Possible reasons:
#   The system is out of physical RAM or swap space
#   This process is running with CompressedOops enabled, and the Java Heap may be blocking the growth of the native heap
# Possible solutions:
#   Reduce memory load on the system
#   Increase physical memory or swap space
#   Check if swap backing store is full
#   Decrease Java heap size (-Xmx/-Xms)
#   Decrease number of Java threads
#   Decrease Java thread stack sizes (-Xss)
#   Set larger code cache with -XX:ReservedCodeCacheSize=
#   JVM is running with Unscaled Compressed Oops mode in which the Java heap is
#     placed in the first 4GB address space. The Java Heap base address is the
#     maximum limit for the native heap growth. Please use -XX:HeapBaseMinAddress
#     to set the Java Heap base and to place the Java Heap above 4GB virtual address.
# This output file may be truncated or incomplete.
#
#  Out of Memory Error (allocation.cpp:44), pid=20384, tid=29768
#
# JRE version: OpenJDK Runtime Environment Temurin-21.0.8+9 (21.0.8+9) (build 21.0.8+9-LTS)
# Java VM: OpenJDK 64-Bit Server VM Temurin-21.0.8+9 (21.0.8+9-LTS, mixed mode, sharing, tiered, compressed oops, compressed class ptrs, parallel gc, windows-amd64)
# No core dump will be written. Minidumps are not enabled by default on client versions of Windows
#

---------------  S U M M A R Y ------------

Command Line: --add-modules=ALL-SYSTEM --add-opens=java.base/java.util=ALL-UNNAMED --add-opens=java.base/java.lang=ALL-UNNAMED --add-opens=java.base/sun.nio.fs=ALL-UNNAMED -Declipse.application=org.eclipse.jdt.ls.core.id1 -Dosgi.bundles.defaultStartLevel=4 -Declipse.product=org.eclipse.jdt.ls.core.product -Djava.import.generatesMetadataFilesAtProjectRoot=false -DDetectVMInstallationsJob.disabled=true -Dfile.encoding=utf8 -XX:+UseParallelGC -XX:GCTimeRatio=4 -XX:AdaptiveSizePolicyWeight=90 -Dsun.zip.disableMemoryMapping=true -Xmx2G -Xms100m -Xlog:disable -javaagent:c:\Users\Lapmart\.vscode\extensions\redhat.java-1.45.0-win32-x64\lombok\lombok-1.18.39-4050.jar -XX:+HeapDumpOnOutOfMemoryError -XX:HeapDumpPath=c:\Users\Lapmart\AppData\Roaming\Code\User\workspaceStorage\a524855042fbc59b763d3498efbc056f\redhat.java -Daether.dependencyCollector.impl=bf c:\Users\Lapmart\.vscode\extensions\redhat.java-1.45.0-win32-x64\server\plugins\org.eclipse.equinox.launcher_1.7.0.v20250519-0528.jar -configuration c:\Users\Lapmart\AppData\Roaming\Code\User\globalStorage\redhat.java\1.45.0\config_win -data c:\Users\Lapmart\AppData\Roaming\Code\User\workspaceStorage\a524855042fbc59b763d3498efbc056f\redhat.java\jdt_ws --pipe=\\.\pipe\lsp-c141fb11cb22ada364375252197c6862-sock

Host: Intel(R) Core(TM) i5-8265U CPU @ 1.60GHz, 8 cores, 7G,  Windows 11 , 64 bit Build 26100 (10.0.26100.5074)
Time: Mon Sep 29 23:18:33 2025 Sri Lanka Standard Time elapsed time: 96957.510183 seconds (1d 2h 55m 57s)

---------------  T H R E A D  ---------------

Current thread (0x0000019496aab2f0):  JavaThread "Attach Listener" daemon [_thread_in_vm, id=29768, stack(0x00000057e0900000,0x00000057e0a00000) (1024K)]

Stack: [0x00000057e0900000,0x00000057e0a00000]
Native frames: (J=compiled Java code, j=interpreted, Vv=VM code, C=native code)
V  [jvm.dll+0x6d2449]
V  [jvm.dll+0x8ae341]
V  [jvm.dll+0x8b08be]
V  [jvm.dll+0x8b0fa3]
V  [jvm.dll+0x280c96]
V  [jvm.dll+0xc0347]
V  [jvm.dll+0x6d2cf9]
V  [jvm.dll+0x131116]
V  [jvm.dll+0x3f2d16]
V  [jvm.dll+0x857e6b]
V  [jvm.dll+0x6d0b0d]
C  [ucrtbase.dll+0x37b0]
C  [KERNEL32.DLL+0x2e8d7]
C  [ntdll.dll+0x8d9c]


---------------  P R O C E S S  ---------------

Threads class SMR info:
_java_thread_list=0x00000194e1120680, length=35, elements={
0x0000019480040cd0, 0x0000019496aa5ef0, 0x0000019496aa87c0, 0x0000019496aaa6a0,
0x0000019496aab2f0, 0x0000019496ab0ab0, 0x0000019496ab3cb0, 0x0000019496ac55f0,
0x00000194d9570140, 0x00000194d9647f80, 0x00000194d989f430, 0x00000194de794fe0,
0x00000194deb4a010, 0x00000194de752a10, 0x00000194de755820, 0x00000194deaebc50,
0x00000194deb47280, 0x00000194deb45840, 0x00000194deb45ed0, 0x00000194e151c390,
0x00000194e151d740, 0x00000194e151ca20, 0x00000194e151d0b0, 0x00000194e151e460,
0x00000194e151eaf0, 0x00000194e151b670, 0x00000194e151f810, 0x00000194e1520530,
0x00000194e1520bc0, 0x00000194e151fea0, 0x00000194e151f180, 0x00000194e1521250,
0x00000194e3a9ba50, 0x00000194e3a9a010, 0x00000194e3a9ad30
}

Java Threads: ( => current thread )
  0x0000019480040cd0 JavaThread "main"                              [_thread_blocked, id=28316, stack(0x00000057e0200000,0x00000057e0300000) (1024K)]
  0x0000019496aa5ef0 JavaThread "Reference Handler"          daemon [_thread_blocked, id=13876, stack(0x00000057e0600000,0x00000057e0700000) (1024K)]
  0x0000019496aa87c0 JavaThread "Finalizer"                  daemon [_thread_blocked, id=2720, stack(0x00000057e0700000,0x00000057e0800000) (1024K)]
  0x0000019496aaa6a0 JavaThread "Signal Dispatcher"          daemon [_thread_blocked, id=28728, stack(0x00000057e0800000,0x00000057e0900000) (1024K)]
=>0x0000019496aab2f0 JavaThread "Attach Listener"            daemon [_thread_in_vm, id=29768, stack(0x00000057e0900000,0x00000057e0a00000) (1024K)]
  0x0000019496ab0ab0 JavaThread "Service Thread"             daemon [_thread_blocked, id=15200, stack(0x00000057e0a00000,0x00000057e0b00000) (1024K)]
  0x0000019496ab3cb0 JavaThread "Monitor Deflation Thread"   daemon [_thread_blocked, id=23144, stack(0x00000057e0b00000,0x00000057e0c00000) (1024K)]
  0x0000019496ac55f0 JavaThread "C2 CompilerThread0"         daemon [_thread_blocked, id=9584, stack(0x00000057e0c00000,0x00000057e0d00000) (1024K)]
  0x00000194d9570140 JavaThread "C1 CompilerThread0"         daemon [_thread_blocked, id=29196, stack(0x00000057e0d00000,0x00000057e0e00000) (1024K)]
  0x00000194d9647f80 JavaThread "Common-Cleaner"             daemon [_thread_blocked, id=8536, stack(0x00000057e0e00000,0x00000057e0f00000) (1024K)]
  0x00000194d989f430 JavaThread "Notification Thread"        daemon [_thread_blocked, id=16112, stack(0x00000057e1000000,0x00000057e1100000) (1024K)]
  0x00000194de794fe0 JavaThread "Active Thread: Equinox Container: dd68046f-4614-4a70-a6f0-d2b2aa19ecf6"        [_thread_blocked, id=4820, stack(0x00000057e1100000,0x00000057e1200000) (1024K)]
  0x00000194deb4a010 JavaThread "Refresh Thread: Equinox Container: dd68046f-4614-4a70-a6f0-d2b2aa19ecf6" daemon [_thread_blocked, id=7700, stack(0x00000057e1800000,0x00000057e1900000) (1024K)]
  0x00000194de752a10 JavaThread "Framework Event Dispatcher: Equinox Container: dd68046f-4614-4a70-a6f0-d2b2aa19ecf6" daemon [_thread_blocked, id=6752, stack(0x00000057e0f00000,0x00000057e1000000) (1024K)]
  0x00000194de755820 JavaThread "Start Level: Equinox Container: dd68046f-4614-4a70-a6f0-d2b2aa19ecf6" daemon [_thread_blocked, id=11952, stack(0x00000057e1a00000,0x00000057e1b00000) (1024K)]
  0x00000194deaebc50 JavaThread "Bundle File Closer"         daemon [_thread_blocked, id=11012, stack(0x00000057e1d00000,0x00000057e1e00000) (1024K)]
  0x00000194deb47280 JavaThread "SCR Component Actor"        daemon [_thread_blocked, id=29380, stack(0x00000057e1b00000,0x00000057e1c00000) (1024K)]
  0x00000194deb45840 JavaThread "Worker-JM"                         [_thread_blocked, id=13408, stack(0x00000057e1f00000,0x00000057e2000000) (1024K)]
  0x00000194deb45ed0 JavaThread "JNA Cleaner"                daemon [_thread_blocked, id=11608, stack(0x00000057e1e00000,0x00000057e1f00000) (1024K)]
  0x00000194e151c390 JavaThread "Java indexing"              daemon [_thread_blocked, id=2120, stack(0x00000057e2600000,0x00000057e2700000) (1024K)]
  0x00000194e151d740 JavaThread "Thread-2"                   daemon [_thread_in_native, id=18600, stack(0x00000057e2a00000,0x00000057e2b00000) (1024K)]
  0x00000194e151ca20 JavaThread "Thread-3"                   daemon [_thread_in_native, id=16720, stack(0x00000057e2b00000,0x00000057e2c00000) (1024K)]
  0x00000194e151d0b0 JavaThread "Thread-4"                   daemon [_thread_in_native, id=22740, stack(0x00000057e2c00000,0x00000057e2d00000) (1024K)]
  0x00000194e151e460 JavaThread "Thread-5"                   daemon [_thread_in_native, id=18916, stack(0x00000057e2d00000,0x00000057e2e00000) (1024K)]
  0x00000194e151eaf0 JavaThread "Thread-6"                   daemon [_thread_in_native, id=31332, stack(0x00000057e2e00000,0x00000057e2f00000) (1024K)]
  0x00000194e151b670 JavaThread "Thread-7"                   daemon [_thread_in_native, id=27360, stack(0x00000057e2f00000,0x00000057e3000000) (1024K)]
  0x00000194e151f810 JavaThread "Thread-8"                   daemon [_thread_in_native, id=22304, stack(0x00000057e3000000,0x00000057e3100000) (1024K)]
  0x00000194e1520530 JavaThread "Thread-9"                   daemon [_thread_in_native, id=18924, stack(0x00000057e3100000,0x00000057e3200000) (1024K)]
  0x00000194e1520bc0 JavaThread "Thread-10"                  daemon [_thread_in_native, id=25064, stack(0x00000057e3200000,0x00000057e3300000) (1024K)]
  0x00000194e151fea0 JavaThread "pool-2-thread-1"                   [_thread_blocked, id=24312, stack(0x00000057e3300000,0x00000057e3400000) (1024K)]
  0x00000194e151f180 JavaThread "WorkspaceEventsHandler"            [_thread_blocked, id=16004, stack(0x00000057e3400000,0x00000057e3500000) (1024K)]
  0x00000194e1521250 JavaThread "pool-1-thread-1"                   [_thread_blocked, id=24972, stack(0x00000057e3500000,0x00000057e3600000) (1024K)]
  0x00000194e3a9ba50 JavaThread "Cleaner-0"                  daemon [_thread_blocked, id=1736, stack(0x00000057e5400000,0x00000057e5500000) (1024K)]
  0x00000194e3a9a010 JavaThread "Worker-8"                          [_thread_blocked, id=26884, stack(0x00000057e2300000,0x00000057e2400000) (1024K)]
  0x00000194e3a9ad30 JavaThread "Worker-10"                         [_thread_blocked, id=6152, stack(0x00000057dff00000,0x00000057e0000000) (1024K)]
Total: 35

Other Threads:
  0x0000019496a82c00 VMThread "VM Thread"                           [id=25784, stack(0x00000057e0500000,0x00000057e0600000) (1024K)]
  0x00000194969bca00 WatcherThread "VM Periodic Task Thread"        [id=8572, stack(0x00000057e0400000,0x00000057e0500000) (1024K)]
  0x000001948005f300 WorkerThread "GC Thread#0"                     [id=22052, stack(0x00000057e0300000,0x00000057e0400000) (1024K)]
  0x00000194de5a1f10 WorkerThread "GC Thread#1"                     [id=15188, stack(0x00000057e1200000,0x00000057e1300000) (1024K)]
  0x00000194de2fb8d0 WorkerThread "GC Thread#2"                     [id=20776, stack(0x00000057e1300000,0x00000057e1400000) (1024K)]
  0x00000194de5a66c0 WorkerThread "GC Thread#3"                     [id=19408, stack(0x00000057e1400000,0x00000057e1500000) (1024K)]
  0x00000194de5a6a60 WorkerThread "GC Thread#4"                     [id=11620, stack(0x00000057e1500000,0x00000057e1600000) (1024K)]
  0x00000194de5a6e00 WorkerThread "GC Thread#5"                     [id=15140, stack(0x00000057e1600000,0x00000057e1700000) (1024K)]
  0x00000194de33dd80 WorkerThread "GC Thread#6"                     [id=29088, stack(0x00000057e1700000,0x00000057e1800000) (1024K)]
  0x00000194de33efa0 WorkerThread "GC Thread#7"                     [id=5560, stack(0x00000057e1900000,0x00000057e1a00000) (1024K)]
Total: 10

Threads with active compile tasks:
Total: 0

VM state: not at safepoint (normal execution)

VM Mutex/Monitor currently owned by a thread: None

Heap address: 0x0000000080000000, size: 2048 MB, Compressed Oops mode: 32-bit

CDS archive(s) mapped at: [0x0000019497000000-0x0000019497ba0000-0x0000019497ba0000), size 12189696, SharedBaseAddress: 0x0000019497000000, ArchiveRelocationMode: 1.
Compressed class space mapped at: 0x0000019498000000-0x00000194d8000000, reserved size: 1073741824
Narrow klass base: 0x0000019497000000, Narrow klass shift: 0, Narrow klass range: 0x100000000

GC Precious Log:
 CardTable entry size: 512
 CPUs: 8 total, 8 available
 Memory: 8062M
 Large Page Support: Disabled
 NUMA Support: Disabled
 Compressed Oops: Enabled (32-bit)
 Alignments: Space 512K, Generation 512K, Heap 2M
 Heap Min Capacity: 100M
 Heap Initial Capacity: 100M
 Heap Max Capacity: 2G
 Pre-touch: Disabled
 Parallel Workers: 8

Heap:
 PSYoungGen      total 2048K, used 493K [0x00000000d5580000, 0x00000000d5880000, 0x0000000100000000)
  eden space 1536K, 19% used [0x00000000d5580000,0x00000000d55cb478,0x00000000d5700000)
  from space 512K, 37% used [0x00000000d5800000,0x00000000d5830000,0x00000000d5880000)
  to   space 512K, 0% used [0x00000000d5780000,0x00000000d5780000,0x00000000d5800000)
 ParOldGen       total 627712K, used 627550K [0x0000000080000000, 0x00000000a6500000, 0x00000000d5580000)
  object space 627712K, 99% used [0x0000000080000000,0x00000000a64d79b0,0x00000000a6500000)
 Metaspace       used 72006K, committed 73664K, reserved 1179648K
  class space    used 7358K, committed 8128K, reserved 1048576K

Card table byte_map: [0x00000194ff950000,0x00000194ffd60000] _byte_map_base: 0x00000194ff550000

Marking Bits: (ParMarkBitMap*) 0x00007fff8c87a340
 Begin Bits: [0x00000194924e0000, 0x00000194944e0000)
 End Bits:   [0x00000194944e0000, 0x00000194964e0000)

Polling page: 0x00000194fde70000

Metaspace:

Usage:
  Non-class:     63.13 MB used.
      Class:      7.19 MB used.
       Both:     70.32 MB used.

Virtual space:
  Non-class space:      128.00 MB reserved,      64.00 MB ( 50%) committed,  2 nodes.
      Class space:        1.00 GB reserved,       7.94 MB ( <1%) committed,  1 nodes.
             Both:        1.12 GB reserved,      71.94 MB (  6%) committed. 

Chunk freelists:
   Non-Class:  15.77 MB
       Class:  8.04 MB
        Both:  23.81 MB

MaxMetaspaceSize: unlimited
CompressedClassSpaceSize: 1.00 GB
Initial GC threshold: 21.00 MB
Current GC threshold: 97.31 MB
CDS: on
 - commit_granule_bytes: 65536.
 - commit_granule_words: 8192.
 - virtual_space_node_default_size: 8388608.
 - enlarge_chunks_in_place: 1.
 - use_allocation_guard: 0.


Internal statistics:

num_allocs_failed_limit: 11.
num_arena_births: 1348.
num_arena_deaths: 14.
num_vsnodes_births: 3.
num_vsnodes_deaths: 0.
num_space_committed: 1151.
num_space_uncommitted: 0.
num_chunks_returned_to_freelist: 25.
num_chunks_taken_from_freelist: 4937.
num_chunk_merges: 12.
num_chunk_splits: 2935.
num_chunks_enlarged: 1558.
num_inconsistent_stats: 0.

CodeHeap 'non-profiled nmethods': size=120000Kb used=12957Kb max_used=12957Kb free=107042Kb
 bounds [0x000001948ad00000, 0x000001948b9b0000, 0x0000019492230000]
CodeHeap 'profiled nmethods': size=120000Kb used=33850Kb max_used=33850Kb free=86149Kb
 bounds [0x0000019483230000, 0x0000019485340000, 0x000001948a760000]
CodeHeap 'non-nmethods': size=5760Kb used=1479Kb max_used=1600Kb free=4280Kb
 bounds [0x000001948a760000, 0x000001948a9d0000, 0x000001948ad00000]
CodeCache: size=245760Kb, used=48286Kb, max_used=48407Kb, free=197471Kb
 total_blobs=14643, nmethods=13852, adapters=695, full_count=0
Compilation: enabled, stopped_count=0, restarted_count=0

Compilation events (20 events):
Event: 91813.102 Thread 0x0000019496ac55f0 14709       4       java.util.concurrent.ThreadPoolExecutor$Worker::lock (6 bytes)
Event: 91813.108 Thread 0x0000019496ac55f0 nmethod 14709 0x000001948b99f090 code [0x000001948b99f220, 0x000001948b99f308]
Event: 91848.451 Thread 0x0000019496ac55f0 14710   !   4       java.util.concurrent.ThreadPoolExecutor::getTask (177 bytes)
Event: 91848.638 Thread 0x0000019496ac55f0 nmethod 14710 0x000001948b99f410 code [0x000001948b99f7a0, 0x000001948b9a0f90]
Event: 92068.631 Thread 0x0000019496ac55f0 14711       4       java.util.concurrent.ScheduledThreadPoolExecutor::triggerTime (22 bytes)
Event: 92068.632 Thread 0x0000019496ac55f0 nmethod 14711 0x000001948b9a2710 code [0x000001948b9a28a0, 0x000001948b9a2990]
Event: 92068.639 Thread 0x0000019496ac55f0 14712   !   4       java.util.concurrent.ScheduledThreadPoolExecutor$DelayedWorkQueue::offer (123 bytes)
Event: 92068.652 Thread 0x0000019496ac55f0 nmethod 14712 0x000001948b9a2a10 code [0x000001948b9a2c40, 0x000001948b9a31e0]
Event: 92083.195 Thread 0x0000019496ac55f0 14713       4       java.util.concurrent.ScheduledThreadPoolExecutor$ScheduledFutureTask::setNextRunTime (38 bytes)
Event: 92083.210 Thread 0x0000019496ac55f0 nmethod 14713 0x000001948b9a3790 code [0x000001948b9a3920, 0x000001948b9a3a78]
Event: 92083.210 Thread 0x0000019496ac55f0 14714       4       java.util.concurrent.ScheduledThreadPoolExecutor::reExecutePeriodic (49 bytes)
Event: 92083.244 Thread 0x0000019496ac55f0 nmethod 14714 0x000001948b9a3b90 code [0x000001948b9a3de0, 0x000001948b9a4600]
Event: 92088.646 Thread 0x0000019496ac55f0 14715       4       java.util.concurrent.ScheduledThreadPoolExecutor$ScheduledFutureTask::run (57 bytes)
Event: 92088.704 Thread 0x0000019496ac55f0 nmethod 14715 0x000001948b9a4e10 code [0x000001948b9a50c0, 0x000001948b9a5c68]
Event: 92088.704 Thread 0x0000019496ac55f0 14716   !   4       java.util.concurrent.FutureTask::runAndReset (125 bytes)
Event: 92088.707 Thread 0x0000019496ac55f0 nmethod 14716 0x000001948b9a6890 code [0x000001948b9a6a60, 0x000001948b9a6cf8]
Event: 95801.751 Thread 0x0000019496ac55f0 14717       4       java.util.concurrent.atomic.AtomicLong::updateAndGet (59 bytes)
Event: 95801.795 Thread 0x0000019496ac55f0 nmethod 14717 0x000001948b9a6f90 code [0x000001948b9a7120, 0x000001948b9a72b0]
Event: 95801.796 Thread 0x0000019496ac55f0 14718       4       org.eclipse.core.internal.jobs.JobManager::lifeTimeInMs (19 bytes)
Event: 95801.797 Thread 0x0000019496ac55f0 nmethod 14718 0x000001948b9a7410 code [0x000001948b9a75a0, 0x000001948b9a7670]

GC Heap History (20 events):
Event: 2511.122 GC heap before
{Heap before GC invocations=600 (full 3):
 PSYoungGen      total 2560K, used 2047K [0x00000000d5580000, 0x00000000d5900000, 0x0000000100000000)
  eden space 1536K, 99% used [0x00000000d5580000,0x00000000d56ffff8,0x00000000d5700000)
  from space 1024K, 50% used [0x00000000d5800000,0x00000000d5880000,0x00000000d5900000)
  to   space 1024K, 0% used [0x00000000d5700000,0x00000000d5700000,0x00000000d5800000)
 ParOldGen       total 625152K, used 624876K [0x0000000080000000, 0x00000000a6280000, 0x00000000d5580000)
  object space 625152K, 99% used [0x0000000080000000,0x00000000a623b120,0x00000000a6280000)
 Metaspace       used 71828K, committed 73472K, reserved 1179648K
  class space    used 7352K, committed 8128K, reserved 1048576K
}
Event: 2511.124 GC heap after
{Heap after GC invocations=600 (full 3):
 PSYoungGen      total 2560K, used 768K [0x00000000d5580000, 0x00000000d5900000, 0x0000000100000000)
  eden space 1536K, 0% used [0x00000000d5580000,0x00000000d5580000,0x00000000d5700000)
  from space 1024K, 75% used [0x00000000d5700000,0x00000000d57c0000,0x00000000d5800000)
  to   space 1024K, 0% used [0x00000000d5800000,0x00000000d5800000,0x00000000d5900000)
 ParOldGen       total 625664K, used 625258K [0x0000000080000000, 0x00000000a6300000, 0x00000000d5580000)
  object space 625664K, 99% used [0x0000000080000000,0x00000000a629ab60,0x00000000a6300000)
 Metaspace       used 71828K, committed 73472K, reserved 1179648K
  class space    used 7352K, committed 8128K, reserved 1048576K
}
Event: 2511.245 GC heap before
{Heap before GC invocations=601 (full 3):
 PSYoungGen      total 2560K, used 2304K [0x00000000d5580000, 0x00000000d5900000, 0x0000000100000000)
  eden space 1536K, 100% used [0x00000000d5580000,0x00000000d5700000,0x00000000d5700000)
  from space 1024K, 75% used [0x00000000d5700000,0x00000000d57c0000,0x00000000d5800000)
  to   space 1024K, 0% used [0x00000000d5800000,0x00000000d5800000,0x00000000d5900000)
 ParOldGen       total 625664K, used 625258K [0x0000000080000000, 0x00000000a6300000, 0x00000000d5580000)
  object space 625664K, 99% used [0x0000000080000000,0x00000000a629ab60,0x00000000a6300000)
 Metaspace       used 71840K, committed 73472K, reserved 1179648K
  class space    used 7352K, committed 8128K, reserved 1048576K
}
Event: 2511.250 GC heap after
{Heap after GC invocations=601 (full 3):
 PSYoungGen      total 2560K, used 480K [0x00000000d5580000, 0x00000000d5900000, 0x0000000100000000)
  eden space 1536K, 0% used [0x00000000d5580000,0x00000000d5580000,0x00000000d5700000)
  from space 1024K, 46% used [0x00000000d5800000,0x00000000d5878020,0x00000000d5900000)
  to   space 1024K, 0% used [0x00000000d5700000,0x00000000d5700000,0x00000000d5800000)
 ParOldGen       total 626176K, used 625858K [0x0000000080000000, 0x00000000a6380000, 0x00000000d5580000)
  object space 626176K, 99% used [0x0000000080000000,0x00000000a6330b70,0x00000000a6380000)
 Metaspace       used 71840K, committed 73472K, reserved 1179648K
  class space    used 7352K, committed 8128K, reserved 1048576K
}
Event: 2511.272 GC heap before
{Heap before GC invocations=602 (full 3):
 PSYoungGen      total 2560K, used 2016K [0x00000000d5580000, 0x00000000d5900000, 0x0000000100000000)
  eden space 1536K, 100% used [0x00000000d5580000,0x00000000d5700000,0x00000000d5700000)
  from space 1024K, 46% used [0x00000000d5800000,0x00000000d5878020,0x00000000d5900000)
  to   space 1024K, 0% used [0x00000000d5700000,0x00000000d5700000,0x00000000d5800000)
 ParOldGen       total 626176K, used 625858K [0x0000000080000000, 0x00000000a6380000, 0x00000000d5580000)
  object space 626176K, 99% used [0x0000000080000000,0x00000000a6330b70,0x00000000a6380000)
 Metaspace       used 71843K, committed 73536K, reserved 1179648K
  class space    used 7352K, committed 8128K, reserved 1048576K
}
Event: 2511.277 GC heap after
{Heap after GC invocations=602 (full 3):
 PSYoungGen      total 2560K, used 720K [0x00000000d5580000, 0x00000000d5900000, 0x0000000100000000)
  eden space 1536K, 0% used [0x00000000d5580000,0x00000000d5580000,0x00000000d5700000)
  from space 1024K, 70% used [0x00000000d5700000,0x00000000d57b4010,0x00000000d5800000)
  to   space 1024K, 0% used [0x00000000d5800000,0x00000000d5800000,0x00000000d5900000)
 ParOldGen       total 626176K, used 626063K [0x0000000080000000, 0x00000000a6380000, 0x00000000d5580000)
  object space 626176K, 99% used [0x0000000080000000,0x00000000a6363e10,0x00000000a6380000)
 Metaspace       used 71843K, committed 73536K, reserved 1179648K
  class space    used 7352K, committed 8128K, reserved 1048576K
}
Event: 2511.321 GC heap before
{Heap before GC invocations=603 (full 3):
 PSYoungGen      total 2560K, used 2256K [0x00000000d5580000, 0x00000000d5900000, 0x0000000100000000)
  eden space 1536K, 100% used [0x00000000d5580000,0x00000000d5700000,0x00000000d5700000)
  from space 1024K, 70% used [0x00000000d5700000,0x00000000d57b4010,0x00000000d5800000)
  to   space 1024K, 0% used [0x00000000d5800000,0x00000000d5800000,0x00000000d5900000)
 ParOldGen       total 626176K, used 626063K [0x0000000080000000, 0x00000000a6380000, 0x00000000d5580000)
  object space 626176K, 99% used [0x0000000080000000,0x00000000a6363e10,0x00000000a6380000)
 Metaspace       used 71854K, committed 73536K, reserved 1179648K
  class space    used 7352K, committed 8128K, reserved 1048576K
}
Event: 2511.325 GC heap after
{Heap after GC invocations=603 (full 3):
 PSYoungGen      total 2048K, used 352K [0x00000000d5580000, 0x00000000d5880000, 0x0000000100000000)
  eden space 1536K, 0% used [0x00000000d5580000,0x00000000d5580000,0x00000000d5700000)
  from space 512K, 68% used [0x00000000d5800000,0x00000000d5858020,0x00000000d5880000)
  to   space 512K, 0% used [0x00000000d5780000,0x00000000d5780000,0x00000000d5800000)
 ParOldGen       total 626688K, used 626660K [0x0000000080000000, 0x00000000a6400000, 0x00000000d5580000)
  object space 626688K, 99% used [0x0000000080000000,0x00000000a63f92a0,0x00000000a6400000)
 Metaspace       used 71854K, committed 73536K, reserved 1179648K
  class space    used 7352K, committed 8128K, reserved 1048576K
}
Event: 2511.337 GC heap before
{Heap before GC invocations=604 (full 3):
 PSYoungGen      total 2048K, used 1888K [0x00000000d5580000, 0x00000000d5880000, 0x0000000100000000)
  eden space 1536K, 100% used [0x00000000d5580000,0x00000000d5700000,0x00000000d5700000)
  from space 512K, 68% used [0x00000000d5800000,0x00000000d5858020,0x00000000d5880000)
  to   space 512K, 0% used [0x00000000d5780000,0x00000000d5780000,0x00000000d5800000)
 ParOldGen       total 626688K, used 626660K [0x0000000080000000, 0x00000000a6400000, 0x00000000d5580000)
  object space 626688K, 99% used [0x0000000080000000,0x00000000a63f92a0,0x00000000a6400000)
 Metaspace       used 71855K, committed 73536K, reserved 1179648K
  class space    used 7352K, committed 8128K, reserved 1048576K
}
Event: 2511.340 GC heap after
{Heap after GC invocations=604 (full 3):
 PSYoungGen      total 2048K, used 512K [0x00000000d5580000, 0x00000000d5900000, 0x0000000100000000)
  eden space 1536K, 0% used [0x00000000d5580000,0x00000000d5580000,0x00000000d5700000)
  from space 512K, 100% used [0x00000000d5780000,0x00000000d5800000,0x00000000d5800000)
  to   space 1024K, 0% used [0x00000000d5800000,0x00000000d5800000,0x00000000d5900000)
 ParOldGen       total 627200K, used 626881K [0x0000000080000000, 0x00000000a6480000, 0x00000000d5580000)
  object space 627200K, 99% used [0x0000000080000000,0x00000000a6430520,0x00000000a6480000)
 Metaspace       used 71855K, committed 73536K, reserved 1179648K
  class space    used 7352K, committed 8128K, reserved 1048576K
}
Event: 2511.350 GC heap before
{Heap before GC invocations=605 (full 3):
 PSYoungGen      total 2048K, used 2048K [0x00000000d5580000, 0x00000000d5900000, 0x0000000100000000)
  eden space 1536K, 100% used [0x00000000d5580000,0x00000000d5700000,0x00000000d5700000)
  from space 512K, 100% used [0x00000000d5780000,0x00000000d5800000,0x00000000d5800000)
  to   space 1024K, 0% used [0x00000000d5800000,0x00000000d5800000,0x00000000d5900000)
 ParOldGen       total 627200K, used 626881K [0x0000000080000000, 0x00000000a6480000, 0x00000000d5580000)
  object space 627200K, 99% used [0x0000000080000000,0x00000000a6430520,0x00000000a6480000)
 Metaspace       used 71857K, committed 73536K, reserved 1179648K
  class space    used 7352K, committed 8128K, reserved 1048576K
}
Event: 2511.353 GC heap after
{Heap after GC invocations=605 (full 3):
 PSYoungGen      total 2560K, used 544K [0x00000000d5580000, 0x00000000d5900000, 0x0000000100000000)
  eden space 1536K, 0% used [0x00000000d5580000,0x00000000d5580000,0x00000000d5700000)
  from space 1024K, 53% used [0x00000000d5800000,0x00000000d5888000,0x00000000d5900000)
  to   space 1024K, 0% used [0x00000000d5700000,0x00000000d5700000,0x00000000d5800000)
 ParOldGen       total 627712K, used 627390K [0x0000000080000000, 0x00000000a6500000, 0x00000000d5580000)
  object space 627712K, 99% used [0x0000000080000000,0x00000000a64af9b0,0x00000000a6500000)
 Metaspace       used 71857K, committed 73536K, reserved 1179648K
  class space    used 7352K, committed 8128K, reserved 1048576K
}
Event: 2511.688 GC heap before
{Heap before GC invocations=606 (full 3):
 PSYoungGen      total 2560K, used 2079K [0x00000000d5580000, 0x00000000d5900000, 0x0000000100000000)
  eden space 1536K, 99% used [0x00000000d5580000,0x00000000d56fffc8,0x00000000d5700000)
  from space 1024K, 53% used [0x00000000d5800000,0x00000000d5888000,0x00000000d5900000)
  to   space 1024K, 0% used [0x00000000d5700000,0x00000000d5700000,0x00000000d5800000)
 ParOldGen       total 627712K, used 627390K [0x0000000080000000, 0x00000000a6500000, 0x00000000d5580000)
  object space 627712K, 99% used [0x0000000080000000,0x00000000a64af9b0,0x00000000a6500000)
 Metaspace       used 71875K, committed 73536K, reserved 1179648K
  class space    used 7352K, committed 8128K, reserved 1048576K
}
Event: 2511.691 GC heap after
{Heap after GC invocations=606 (full 3):
 PSYoungGen      total 2560K, used 368K [0x00000000d5580000, 0x00000000d5880000, 0x0000000100000000)
  eden space 1536K, 0% used [0x00000000d5580000,0x00000000d5580000,0x00000000d5700000)
  from space 1024K, 35% used [0x00000000d5700000,0x00000000d575c010,0x00000000d5800000)
  to   space 512K, 0% used [0x00000000d5800000,0x00000000d5800000,0x00000000d5880000)
 ParOldGen       total 627712K, used 627422K [0x0000000080000000, 0x00000000a6500000, 0x00000000d5580000)
  object space 627712K, 99% used [0x0000000080000000,0x00000000a64b79b0,0x00000000a6500000)
 Metaspace       used 71875K, committed 73536K, reserved 1179648K
  class space    used 7352K, committed 8128K, reserved 1048576K
}
Event: 2511.708 GC heap before
{Heap before GC invocations=607 (full 3):
 PSYoungGen      total 2560K, used 1904K [0x00000000d5580000, 0x00000000d5880000, 0x0000000100000000)
  eden space 1536K, 100% used [0x00000000d5580000,0x00000000d5700000,0x00000000d5700000)
  from space 1024K, 35% used [0x00000000d5700000,0x00000000d575c010,0x00000000d5800000)
  to   space 512K, 0% used [0x00000000d5800000,0x00000000d5800000,0x00000000d5880000)
 ParOldGen       total 627712K, used 627422K [0x0000000080000000, 0x00000000a6500000, 0x00000000d5580000)
  object space 627712K, 99% used [0x0000000080000000,0x00000000a64b79b0,0x00000000a6500000)
 Metaspace       used 71888K, committed 73536K, reserved 1179648K
  class space    used 7352K, committed 8128K, reserved 1048576K
}
Event: 2511.710 GC heap after
{Heap after GC invocations=607 (full 3):
 PSYoungGen      total 2048K, used 256K [0x00000000d5580000, 0x00000000d5880000, 0x0000000100000000)
  eden space 1536K, 0% used [0x00000000d5580000,0x00000000d5580000,0x00000000d5700000)
  from space 512K, 50% used [0x00000000d5800000,0x00000000d5840000,0x00000000d5880000)
  to   space 512K, 0% used [0x00000000d5780000,0x00000000d5780000,0x00000000d5800000)
 ParOldGen       total 627712K, used 627478K [0x0000000080000000, 0x00000000a6500000, 0x00000000d5580000)
  object space 627712K, 99% used [0x0000000080000000,0x00000000a64c59b0,0x00000000a6500000)
 Metaspace       used 71888K, committed 73536K, reserved 1179648K
  class space    used 7352K, committed 8128K, reserved 1048576K
}
Event: 2513.027 GC heap before
{Heap before GC invocations=608 (full 3):
 PSYoungGen      total 2048K, used 1791K [0x00000000d5580000, 0x00000000d5880000, 0x0000000100000000)
  eden space 1536K, 99% used [0x00000000d5580000,0x00000000d56fffd0,0x00000000d5700000)
  from space 512K, 50% used [0x00000000d5800000,0x00000000d5840000,0x00000000d5880000)
  to   space 512K, 0% used [0x00000000d5780000,0x00000000d5780000,0x00000000d5800000)
 ParOldGen       total 627712K, used 627478K [0x0000000080000000, 0x00000000a6500000, 0x00000000d5580000)
  object space 627712K, 99% used [0x0000000080000000,0x00000000a64c59b0,0x00000000a6500000)
 Metaspace       used 71914K, committed 73536K, reserved 1179648K
  class space    used 7354K, committed 8128K, reserved 1048576K
}
Event: 2513.029 GC heap after
{Heap after GC invocations=608 (full 3):
 PSYoungGen      total 2048K, used 224K [0x00000000d5580000, 0x00000000d5880000, 0x0000000100000000)
  eden space 1536K, 0% used [0x00000000d5580000,0x00000000d5580000,0x00000000d5700000)
  from space 512K, 43% used [0x00000000d5780000,0x00000000d57b8000,0x00000000d5800000)
  to   space 512K, 0% used [0x00000000d5800000,0x00000000d5800000,0x00000000d5880000)
 ParOldGen       total 627712K, used 627518K [0x0000000080000000, 0x00000000a6500000, 0x00000000d5580000)
  object space 627712K, 99% used [0x0000000080000000,0x00000000a64cf9b0,0x00000000a6500000)
 Metaspace       used 71914K, committed 73536K, reserved 1179648K
  class space    used 7354K, committed 8128K, reserved 1048576K
}
Event: 84622.435 GC heap before
{Heap before GC invocations=609 (full 3):
 PSYoungGen      total 2048K, used 1760K [0x00000000d5580000, 0x00000000d5880000, 0x0000000100000000)
  eden space 1536K, 100% used [0x00000000d5580000,0x00000000d5700000,0x00000000d5700000)
  from space 512K, 43% used [0x00000000d5780000,0x00000000d57b8000,0x00000000d5800000)
  to   space 512K, 0% used [0x00000000d5800000,0x00000000d5800000,0x00000000d5880000)
 ParOldGen       total 627712K, used 627518K [0x0000000080000000, 0x00000000a6500000, 0x00000000d5580000)
  object space 627712K, 99% used [0x0000000080000000,0x00000000a64cf9b0,0x00000000a6500000)
 Metaspace       used 72001K, committed 73664K, reserved 1179648K
  class space    used 7355K, committed 8128K, reserved 1048576K
}
Event: 84622.724 GC heap after
{Heap after GC invocations=609 (full 3):
 PSYoungGen      total 2048K, used 192K [0x00000000d5580000, 0x00000000d5880000, 0x0000000100000000)
  eden space 1536K, 0% used [0x00000000d5580000,0x00000000d5580000,0x00000000d5700000)
  from space 512K, 37% used [0x00000000d5800000,0x00000000d5830000,0x00000000d5880000)
  to   space 512K, 0% used [0x00000000d5780000,0x00000000d5780000,0x00000000d5800000)
 ParOldGen       total 627712K, used 627550K [0x0000000080000000, 0x00000000a6500000, 0x00000000d5580000)
  object space 627712K, 99% used [0x0000000080000000,0x00000000a64d79b0,0x00000000a6500000)
 Metaspace       used 72001K, committed 73664K, reserved 1179648K
  class space    used 7355K, committed 8128K, reserved 1048576K
}

Dll operation events (10 events):
Event: 0.018 Loaded shared library c:\Users\Lapmart\.vscode\extensions\redhat.java-1.45.0-win32-x64\jre\21.0.8-win32-x86_64\bin\java.dll
Event: 0.136 Loaded shared library c:\Users\Lapmart\.vscode\extensions\redhat.java-1.45.0-win32-x64\jre\21.0.8-win32-x86_64\bin\zip.dll
Event: 0.175 Loaded shared library C:\Users\Lapmart\.vscode\extensions\redhat.java-1.45.0-win32-x64\jre\21.0.8-win32-x86_64\bin\instrument.dll
Event: 0.184 Loaded shared library C:\Users\Lapmart\.vscode\extensions\redhat.java-1.45.0-win32-x64\jre\21.0.8-win32-x86_64\bin\net.dll
Event: 0.188 Loaded shared library C:\Users\Lapmart\.vscode\extensions\redhat.java-1.45.0-win32-x64\jre\21.0.8-win32-x86_64\bin\nio.dll
Event: 0.192 Loaded shared library C:\Users\Lapmart\.vscode\extensions\redhat.java-1.45.0-win32-x64\jre\21.0.8-win32-x86_64\bin\zip.dll
Event: 0.221 Loaded shared library C:\Users\Lapmart\.vscode\extensions\redhat.java-1.45.0-win32-x64\jre\21.0.8-win32-x86_64\bin\jimage.dll
Event: 0.368 Loaded shared library c:\Users\Lapmart\.vscode\extensions\redhat.java-1.45.0-win32-x64\jre\21.0.8-win32-x86_64\bin\verify.dll
Event: 4.086 Loaded shared library C:\Users\Lapmart\AppData\Roaming\Code\User\globalStorage\redhat.java\1.45.0\config_win\org.eclipse.equinox.launcher\org.eclipse.equinox.launcher.win32.win32.x86_64_1.2.1400.v20250801-0854\eclipse_11916.dll
Event: 8.435 Loaded shared library C:\Users\Lapmart\AppData\Local\Temp\jna-1165294124\jna7059776946150887671.dll

Deoptimization events (20 events):
Event: 917.032 Thread 0x00000194e3a99980 Uncommon trap: trap_request=0xffffff45 fr.pc=0x000001948b921448 relative=0x00000000000006e8
Event: 917.032 Thread 0x00000194e3a99980 Uncommon trap: reason=unstable_if action=reinterpret pc=0x000001948b921448 method=org.eclipse.jdt.internal.compiler.parser.Scanner.getNextToken0()Lorg/eclipse/jdt/internal/compiler/parser/TerminalToken; @ 196 c2
Event: 917.032 Thread 0x00000194e3a99980 DEOPT PACKING pc=0x000001948b921448 sp=0x00000057e20fe610
Event: 917.032 Thread 0x00000194e3a99980 DEOPT UNPACKING pc=0x000001948a7b3aa2 sp=0x00000057e20fe598 mode 2
Event: 2211.892 Thread 0x00000194e3a9b3c0 DEOPT PACKING pc=0x000001948429b824 sp=0x00000057e21fdfc0
Event: 2211.893 Thread 0x00000194e3a9b3c0 DEOPT UNPACKING pc=0x000001948a7b4242 sp=0x00000057e21fd3e0 mode 0
Event: 2511.235 Thread 0x00000194e3a9ad30 DEOPT PACKING pc=0x000001948496abc1 sp=0x00000057e01fe770
Event: 2511.236 Thread 0x00000194e3a9ad30 DEOPT UNPACKING pc=0x000001948a7b4242 sp=0x00000057e01fdc50 mode 0
Event: 2511.703 Thread 0x00000194e3a9a010 Uncommon trap: trap_request=0xffffff6e fr.pc=0x000001948b97cfa8 relative=0x0000000000000108
Event: 2511.703 Thread 0x00000194e3a9a010 Uncommon trap: reason=loop_limit_check action=maybe_recompile pc=0x000001948b97cfa8 method=org.eclipse.jdt.internal.compiler.lookup.BlockScope.findLocalType([C)Lorg/eclipse/jdt/internal/compiler/lookup/ReferenceBinding; @ 79 c2
Event: 2511.703 Thread 0x00000194e3a9a010 DEOPT PACKING pc=0x000001948b97cfa8 sp=0x00000057e23fe3e0
Event: 2511.704 Thread 0x00000194e3a9a010 DEOPT UNPACKING pc=0x000001948a7b3aa2 sp=0x00000057e23fe360 mode 2
Event: 92078.635 Thread 0x00000194e151fea0 Uncommon trap: trap_request=0xffffffd6 fr.pc=0x000001948b9a2f68 relative=0x0000000000000328
Event: 92078.681 Thread 0x00000194e151fea0 Uncommon trap: reason=array_check action=maybe_recompile pc=0x000001948b9a2f68 method=java.util.concurrent.ScheduledThreadPoolExecutor$DelayedWorkQueue.offer(Ljava/lang/Runnable;)Z @ 65 c2
Event: 92078.681 Thread 0x00000194e151fea0 DEOPT PACKING pc=0x000001948b9a2f68 sp=0x00000057e33ff460
Event: 92078.686 Thread 0x00000194e151fea0 DEOPT UNPACKING pc=0x000001948a7b3aa2 sp=0x00000057e33ff3d0 mode 2
Event: 92083.195 Thread 0x00000194de794fe0 Uncommon trap: trap_request=0xffffffd6 fr.pc=0x000001948b9a2f68 relative=0x0000000000000328
Event: 92083.195 Thread 0x00000194de794fe0 Uncommon trap: reason=array_check action=maybe_recompile pc=0x000001948b9a2f68 method=java.util.concurrent.ScheduledThreadPoolExecutor$DelayedWorkQueue.offer(Ljava/lang/Runnable;)Z @ 65 c2
Event: 92083.196 Thread 0x00000194de794fe0 DEOPT PACKING pc=0x000001948b9a2f68 sp=0x00000057e11ff3b0
Event: 92083.196 Thread 0x00000194de794fe0 DEOPT UNPACKING pc=0x000001948a7b3aa2 sp=0x00000057e11ff320 mode 2

Classes loaded (20 events):
Event: 329.825 Loading class java/util/stream/Nodes$CollectorTask$OfRef
Event: 329.825 Loading class java/util/stream/Nodes$CollectorTask
Event: 329.827 Loading class java/util/stream/Nodes$CollectorTask done
Event: 329.827 Loading class java/util/stream/Nodes$CollectorTask$OfRef done
Event: 329.827 Loading class java/util/function/LongFunction
Event: 329.827 Loading class java/util/function/LongFunction done
Event: 329.828 Loading class java/util/stream/Nodes$ConcNode
Event: 329.828 Loading class java/util/stream/Nodes$AbstractConcNode
Event: 329.829 Loading class java/util/stream/Nodes$AbstractConcNode done
Event: 329.829 Loading class java/util/stream/Nodes$ConcNode done
Event: 329.851 Loading class java/util/stream/Nodes$ToArrayTask$OfRef
Event: 329.852 Loading class java/util/stream/Nodes$ToArrayTask
Event: 329.852 Loading class java/util/stream/Nodes$ToArrayTask done
Event: 329.852 Loading class java/util/stream/Nodes$ToArrayTask$OfRef done
Event: 329.855 Loading class java/io/ObjectOutputStream$BlockDataOutputStream
Event: 329.856 Loading class java/io/ObjectOutputStream$BlockDataOutputStream done
Event: 329.856 Loading class java/io/ObjectOutputStream$HandleTable
Event: 329.856 Loading class java/io/ObjectOutputStream$HandleTable done
Event: 329.856 Loading class java/io/ObjectOutputStream$ReplaceTable
Event: 329.856 Loading class java/io/ObjectOutputStream$ReplaceTable done

Classes unloaded (7 events):
Event: 10.218 Thread 0x0000019496a82c00 Unloading class 0x00000194981ab000 'java/lang/invoke/LambdaForm$MH+0x00000194981ab000'
Event: 10.218 Thread 0x0000019496a82c00 Unloading class 0x00000194981aac00 'java/lang/invoke/LambdaForm$MH+0x00000194981aac00'
Event: 10.218 Thread 0x0000019496a82c00 Unloading class 0x00000194981aa800 'java/lang/invoke/LambdaForm$MH+0x00000194981aa800'
Event: 10.218 Thread 0x0000019496a82c00 Unloading class 0x00000194981aa400 'java/lang/invoke/LambdaForm$MH+0x00000194981aa400'
Event: 10.218 Thread 0x0000019496a82c00 Unloading class 0x00000194981aa000 'java/lang/invoke/LambdaForm$BMH+0x00000194981aa000'
Event: 10.218 Thread 0x0000019496a82c00 Unloading class 0x00000194981a9c00 'java/lang/invoke/LambdaForm$DMH+0x00000194981a9c00'
Event: 10.218 Thread 0x0000019496a82c00 Unloading class 0x00000194981a8800 'java/lang/invoke/LambdaForm$DMH+0x00000194981a8800'

Classes redefined (0 events):
No events

Internal exceptions (20 events):
Event: 46.046 Thread 0x00000194e295f0c0 Exception <a 'sun/nio/fs/WindowsException'{0x00000000d56f7420}> (0x00000000d56f7420) 
thrown [s\src\hotspot\share\prims\jni.cpp, line 520]
Event: 46.217 Thread 0x00000194e2963260 Exception <a 'sun/nio/fs/WindowsException'{0x00000000d55913f8}> (0x00000000d55913f8) 
thrown [s\src\hotspot\share\prims\jni.cpp, line 520]
Event: 211.618 Thread 0x00000194e1521250 Exception <a 'java/lang/IncompatibleClassChangeError'{0x00000000d559bcd8}: Found class java.lang.Object, but interface was expected> (0x00000000d559bcd8) 
thrown [s\src\hotspot\share\interpreter\linkResolver.cpp, line 840]
Event: 213.831 Thread 0x00000194e1521250 Exception <a 'java/lang/IncompatibleClassChangeError'{0x00000000d55d3aa8}: Found class java.lang.Object, but interface was expected> (0x00000000d55d3aa8) 
thrown [s\src\hotspot\share\interpreter\linkResolver.cpp, line 840]
Event: 213.890 Thread 0x00000194e295f0c0 Exception <a 'java/lang/NoSuchMethodError'{0x00000000d569db10}: 'java.lang.Object java.lang.invoke.DirectMethodHandle$Holder.invokeSpecial(java.lang.Object, java.lang.Object, java.lang.Object, java.lang.Object, int, java.lang.Object, java.lang.Object)'> (0x00000000d569db10) 
thrown [s\src\hotspot\share\interpreter\linkResolver.cpp, line 773]
Event: 214.441 Thread 0x00000194e3a9c0e0 Exception <a 'java/lang/NoSuchMethodError'{0x00000000d5854b28}: 'void java.lang.invoke.DirectMethodHandle$Holder.invokeSpecial(java.lang.Object, java.lang.Object, int)'> (0x00000000d5854b28) 
thrown [s\src\hotspot\share\interpreter\linkResolver.cpp, line 773]
Event: 214.824 Thread 0x00000194e3a9c0e0 Exception <a 'java/lang/NoSuchMethodError'{0x00000000d55b2658}: 'int java.lang.invoke.DirectMethodHandle$Holder.invokeVirtual(java.lang.Object, java.lang.Object, java.lang.Object, int)'> (0x00000000d55b2658) 
thrown [s\src\hotspot\share\interpreter\linkResolver.cpp, line 773]
Event: 215.179 Thread 0x00000194e3a9c0e0 Implicit null exception at 0x000001948b5255b8 to 0x000001948b525754
Event: 221.382 Thread 0x00000194e1521250 Exception <a 'java/lang/IncompatibleClassChangeError'{0x00000000d5862fa8}: Found class java.lang.Object, but interface was expected> (0x00000000d5862fa8) 
thrown [s\src\hotspot\share\interpreter\linkResolver.cpp, line 840]
Event: 222.457 Thread 0x00000194e1521250 Exception <a 'java/lang/IncompatibleClassChangeError'{0x00000000d57dca80}: Found class java.lang.Object, but interface was expected> (0x00000000d57dca80) 
thrown [s\src\hotspot\share\interpreter\linkResolver.cpp, line 840]
Event: 222.458 Thread 0x00000194e1521250 Exception <a 'java/lang/IncompatibleClassChangeError'{0x00000000d57e0e00}: Found class java.lang.Object, but interface was expected> (0x00000000d57e0e00) 
thrown [s\src\hotspot\share\interpreter\linkResolver.cpp, line 840]
Event: 222.843 Thread 0x00000194e151c390 Exception <a 'sun/nio/fs/WindowsException'{0x00000000d5691290}> (0x00000000d5691290) 
thrown [s\src\hotspot\share\prims\jni.cpp, line 520]
Event: 223.334 Thread 0x00000194e151c390 Exception <a 'sun/nio/fs/WindowsException'{0x00000000d55b69a0}> (0x00000000d55b69a0) 
thrown [s\src\hotspot\share\prims\jni.cpp, line 520]
Event: 230.368 Thread 0x00000194e151c390 Exception <a 'sun/nio/fs/WindowsException'{0x00000000d571c340}> (0x00000000d571c340) 
thrown [s\src\hotspot\share\prims\jni.cpp, line 520]
Event: 230.793 Thread 0x00000194e151c390 Exception <a 'sun/nio/fs/WindowsException'{0x00000000d565d720}> (0x00000000d565d720) 
thrown [s\src\hotspot\share\prims\jni.cpp, line 520]
Event: 267.647 Thread 0x00000194e295cff0 Implicit null exception at 0x000001948af016c9 to 0x000001948af01738
Event: 267.657 Thread 0x00000194e295cff0 Exception <a 'java/lang/NoSuchMethodError'{0x00000000d567b950}: 'java.lang.Object java.lang.invoke.DirectMethodHandle$Holder.invokeStatic(java.lang.Object, int, java.lang.Object)'> (0x00000000d567b950) 
thrown [s\src\hotspot\share\interpreter\linkResolver.cpp, line 773]
Event: 329.848 Thread 0x00000194e151ddd0 Implicit null exception at 0x000001948b566589 to 0x000001948b566938
Event: 329.868 Thread 0x00000194e151ddd0 Exception <a 'java/lang/NoSuchMethodError'{0x00000000d55f6d88}: 'java.lang.Object java.lang.invoke.DirectMethodHandle$Holder.newInvokeSpecial(java.lang.Object, java.lang.Object, java.lang.Object, java.lang.Object, java.lang.Object, java.lang.Object, java.lang.Object, java.lang.Object)'> (0x00000000d55f6d88) 
thrown [s\src\hotspot\share\interpreter\linkResolver.cpp, line 773]
Event: 917.001 Thread 0x00000194e3a99980 Exception <a 'java/lang/NoSuchMethodError'{0x00000000d55f4770}: 'java.lang.Object java.lang.invoke.DirectMethodHandle$Holder.invokeStaticInit(java.lang.Object, java.lang.Object, java.lang.Object)'> (0x00000000d55f4770) 
thrown [s\src\hotspot\share\interpreter\linkResolver.cpp, line 773]

ZGC Phase Switch (0 events):
No events

VM Operations (20 events):
Event: 96568.698 Executing VM operation: HandshakeAllThreads (HandshakeForDeflation)
Event: 96568.703 Executing VM operation: HandshakeAllThreads (HandshakeForDeflation) done
Event: 96568.704 Executing VM operation: RendezvousGCThreads
Event: 96568.704 Executing VM operation: RendezvousGCThreads done
Event: 96628.887 Executing VM operation: HandshakeAllThreads (HandshakeForDeflation)
Event: 96628.887 Executing VM operation: HandshakeAllThreads (HandshakeForDeflation) done
Event: 96628.887 Executing VM operation: RendezvousGCThreads
Event: 96628.887 Executing VM operation: RendezvousGCThreads done
Event: 96689.066 Executing VM operation: HandshakeAllThreads (HandshakeForDeflation)
Event: 96689.066 Executing VM operation: HandshakeAllThreads (HandshakeForDeflation) done
Event: 96689.066 Executing VM operation: RendezvousGCThreads
Event: 96689.066 Executing VM operation: RendezvousGCThreads done
Event: 96749.323 Executing VM operation: HandshakeAllThreads (HandshakeForDeflation)
Event: 96749.323 Executing VM operation: HandshakeAllThreads (HandshakeForDeflation) done
Event: 96749.323 Executing VM operation: RendezvousGCThreads
Event: 96749.323 Executing VM operation: RendezvousGCThreads done
Event: 96869.614 Executing VM operation: HandshakeAllThreads (HandshakeForDeflation)
Event: 96869.614 Executing VM operation: HandshakeAllThreads (HandshakeForDeflation) done
Event: 96869.614 Executing VM operation: RendezvousGCThreads
Event: 96869.614 Executing VM operation: RendezvousGCThreads done

Memory protections (0 events):
No events

Nmethod flushes (20 events):
Event: 31.827 Thread 0x0000019496a82c00 flushing  nmethod 0x0000019483af9310
Event: 31.827 Thread 0x0000019496a82c00 flushing  nmethod 0x0000019483b28d10
Event: 31.827 Thread 0x0000019496a82c00 flushing  nmethod 0x0000019483b2a190
Event: 31.827 Thread 0x0000019496a82c00 flushing  nmethod 0x0000019483b2db10
Event: 31.827 Thread 0x0000019496a82c00 flushing  nmethod 0x0000019483b2ec10
Event: 31.827 Thread 0x0000019496a82c00 flushing  nmethod 0x0000019483b40f90
Event: 31.827 Thread 0x0000019496a82c00 flushing  nmethod 0x0000019483b53a90
Event: 31.827 Thread 0x0000019496a82c00 flushing  nmethod 0x0000019483b6d090
Event: 31.827 Thread 0x0000019496a82c00 flushing  nmethod 0x0000019483b70890
Event: 31.827 Thread 0x0000019496a82c00 flushing  nmethod 0x0000019483b83010
Event: 31.827 Thread 0x0000019496a82c00 flushing osr nmethod 0x0000019483bc9410
Event: 31.827 Thread 0x0000019496a82c00 flushing  nmethod 0x0000019483bd6490
Event: 31.827 Thread 0x0000019496a82c00 flushing  nmethod 0x0000019483be5e10
Event: 31.827 Thread 0x0000019496a82c00 flushing  nmethod 0x0000019483bebf10
Event: 31.827 Thread 0x0000019496a82c00 flushing  nmethod 0x0000019483bfbe90
Event: 31.827 Thread 0x0000019496a82c00 flushing  nmethod 0x0000019483bfc410
Event: 31.827 Thread 0x0000019496a82c00 flushing  nmethod 0x0000019483c2dc90
Event: 31.827 Thread 0x0000019496a82c00 flushing  nmethod 0x0000019483c2f510
Event: 31.827 Thread 0x0000019496a82c00 flushing  nmethod 0x0000019483c2fb10
Event: 31.827 Thread 0x0000019496a82c00 flushing  nmethod 0x0000019483c30390

Events (20 events):
Event: 2211.364 Thread 0x00000194e1521250 Thread added: 0x00000194e3a9ad30
Event: 2211.390 Thread 0x00000194e1521250 Thread added: 0x00000194e3a9d490
Event: 2211.393 Thread 0x00000194e1521250 Thread added: 0x00000194e3a9c770
Event: 2211.396 Thread 0x00000194e1521250 Thread added: 0x00000194e3a9b3c0
Event: 2211.397 Thread 0x00000194e1521250 Thread added: 0x00000194e3a9f560
Event: 2212.411 Thread 0x00000194d9570140 Thread added: 0x00000194e0e39990
Event: 2212.482 Thread 0x00000194d9570140 Thread added: 0x00000194e0e3ae00
Event: 2213.349 Thread 0x00000194e0e3ae00 Thread exited: 0x00000194e0e3ae00
Event: 2218.786 Thread 0x00000194e0e39990 Thread exited: 0x00000194e0e39990
Event: 2275.714 Thread 0x00000194e3a9f560 Thread exited: 0x00000194e3a9f560
Event: 2335.722 Thread 0x00000194e3a99980 Thread exited: 0x00000194e3a99980
Event: 2395.724 Thread 0x00000194e3a9c770 Thread exited: 0x00000194e3a9c770
Event: 2455.727 Thread 0x00000194e3a9c0e0 Thread exited: 0x00000194e3a9c0e0
Event: 2511.258 Thread 0x0000019496ac55f0 Thread added: 0x00000194e0e392c0
Event: 2511.593 Thread 0x00000194e0e392c0 Thread exited: 0x00000194e0e392c0
Event: 2583.718 Thread 0x00000194e3a9ad30 Thread exited: 0x00000194e3a9ad30
Event: 2643.719 Thread 0x00000194e3a9b3c0 Thread exited: 0x00000194e3a9b3c0
Event: 2703.719 Thread 0x00000194e3a9d490 Thread exited: 0x00000194e3a9d490
Event: 9309.195 Thread 0x00000194e3a9a010 Thread added: 0x00000194e3a9ad30
Event: 9309.213 Thread 0x00000194e151ddd0 Thread exited: 0x00000194e151ddd0


Dynamic libraries:
0x00007ff6be700000 - 0x00007ff6be70e000 	c:\Users\Lapmart\.vscode\extensions\redhat.java-1.45.0-win32-x64\jre\21.0.8-win32-x86_64\bin\java.exe
0x00007ff85e900000 - 0x00007ff85eb69000 	C:\WINDOWS\SYSTEM32\ntdll.dll
0x00007ff85c9c0000 - 0x00007ff85ca89000 	C:\WINDOWS\System32\KERNEL32.DLL
0x00007ff85c180000 - 0x00007ff85c573000 	C:\WINDOWS\System32\KERNELBASE.dll
0x00007ff85c580000 - 0x00007ff85c6cb000 	C:\WINDOWS\System32\ucrtbase.dll
0x00007ff840010000 - 0x00007ff84002e000 	c:\Users\Lapmart\.vscode\extensions\redhat.java-1.45.0-win32-x64\jre\21.0.8-win32-x86_64\bin\VCRUNTIME140.dll
0x00007ff840200000 - 0x00007ff840218000 	c:\Users\Lapmart\.vscode\extensions\redhat.java-1.45.0-win32-x64\jre\21.0.8-win32-x86_64\bin\jli.dll
0x00007ff85e010000 - 0x00007ff85e1d4000 	C:\WINDOWS\System32\USER32.dll
0x00007ff85bf40000 - 0x00007ff85bf67000 	C:\WINDOWS\System32\win32u.dll
0x00007ff85dfe0000 - 0x00007ff85e00b000 	C:\WINDOWS\System32\GDI32.dll
0x00007ff85bc90000 - 0x00007ff85bdbd000 	C:\WINDOWS\System32\gdi32full.dll
0x00007ff841a60000 - 0x00007ff841cf3000 	C:\WINDOWS\WinSxS\amd64_microsoft.windows.common-controls_6595b64144ccf1df_6.0.26100.5074_none_3e0d6f78e32fd63f\COMCTL32.dll
0x00007ff85bbe0000 - 0x00007ff85bc83000 	C:\WINDOWS\System32\msvcp_win.dll
0x00007ff85dbc0000 - 0x00007ff85dc69000 	C:\WINDOWS\System32\msvcrt.dll
0x00007ff85d3c0000 - 0x00007ff85d3ef000 	C:\WINDOWS\System32\IMM32.DLL
0x00007ff846f00000 - 0x00007ff846f0c000 	c:\Users\Lapmart\.vscode\extensions\redhat.java-1.45.0-win32-x64\jre\21.0.8-win32-x86_64\bin\vcruntime140_1.dll
0x00007fffad600000 - 0x00007fffad68d000 	c:\Users\Lapmart\.vscode\extensions\redhat.java-1.45.0-win32-x64\jre\21.0.8-win32-x86_64\bin\msvcp140.dll
0x00007fff8bbc0000 - 0x00007fff8c957000 	c:\Users\Lapmart\.vscode\extensions\redhat.java-1.45.0-win32-x64\jre\21.0.8-win32-x86_64\bin\server\jvm.dll
0x00007ff85d400000 - 0x00007ff85d4b4000 	C:\WINDOWS\System32\ADVAPI32.dll
0x00007ff85e810000 - 0x00007ff85e8b6000 	C:\WINDOWS\System32\sechost.dll
0x00007ff85deb0000 - 0x00007ff85dfc8000 	C:\WINDOWS\System32\RPCRT4.dll
0x00007ff85e3c0000 - 0x00007ff85e434000 	C:\WINDOWS\System32\WS2_32.dll
0x00007ff85b910000 - 0x00007ff85b96e000 	C:\WINDOWS\SYSTEM32\POWRPROF.dll
0x00007ff850470000 - 0x00007ff85047b000 	C:\WINDOWS\SYSTEM32\VERSION.dll
0x00007ff848130000 - 0x00007ff848165000 	C:\WINDOWS\SYSTEM32\WINMM.dll
0x00007ff85b8f0000 - 0x00007ff85b904000 	C:\WINDOWS\SYSTEM32\UMPDC.dll
0x00007ff85a830000 - 0x00007ff85a84b000 	C:\WINDOWS\SYSTEM32\kernel.appcore.dll
0x00007ff845da0000 - 0x00007ff845daa000 	c:\Users\Lapmart\.vscode\extensions\redhat.java-1.45.0-win32-x64\jre\21.0.8-win32-x86_64\bin\jimage.dll
0x00007ff84eec0000 - 0x00007ff84f102000 	C:\WINDOWS\SYSTEM32\DBGHELP.DLL
0x00007ff85e490000 - 0x00007ff85e80b000 	C:\WINDOWS\System32\combase.dll
0x00007ff85e1e0000 - 0x00007ff85e2b7000 	C:\WINDOWS\System32\OLEAUT32.dll
0x00007ff840690000 - 0x00007ff8406cd000 	C:\WINDOWS\SYSTEM32\dbgcore.DLL
0x00007ff85bf70000 - 0x00007ff85c009000 	C:\WINDOWS\System32\bcryptPrimitives.dll
0x00007ff845d80000 - 0x00007ff845d8f000 	c:\Users\Lapmart\.vscode\extensions\redhat.java-1.45.0-win32-x64\jre\21.0.8-win32-x86_64\bin\instrument.dll
0x00007ff834d90000 - 0x00007ff834daf000 	c:\Users\Lapmart\.vscode\extensions\redhat.java-1.45.0-win32-x64\jre\21.0.8-win32-x86_64\bin\java.dll
0x00007ff85cc70000 - 0x00007ff85d3bd000 	C:\WINDOWS\System32\SHELL32.dll
0x00007ff85c010000 - 0x00007ff85c17c000 	C:\WINDOWS\System32\wintypes.dll
0x00007ff8596d0000 - 0x00007ff859f29000 	C:\WINDOWS\SYSTEM32\windows.storage.dll
0x00007ff85e2c0000 - 0x00007ff85e3b0000 	C:\WINDOWS\System32\SHCORE.dll
0x00007ff85d5c0000 - 0x00007ff85d622000 	C:\WINDOWS\System32\shlwapi.dll
0x00007ff85b9b0000 - 0x00007ff85b9d9000 	C:\WINDOWS\SYSTEM32\profapi.dll
0x00007ff834d40000 - 0x00007ff834d58000 	c:\Users\Lapmart\.vscode\extensions\redhat.java-1.45.0-win32-x64\jre\21.0.8-win32-x86_64\bin\zip.dll
0x00007ff843170000 - 0x00007ff843180000 	C:\Users\Lapmart\.vscode\extensions\redhat.java-1.45.0-win32-x64\jre\21.0.8-win32-x86_64\bin\net.dll
0x00007ff850160000 - 0x00007ff85027f000 	C:\WINDOWS\SYSTEM32\WINHTTP.dll
0x00007ff85ad90000 - 0x00007ff85adfb000 	C:\WINDOWS\system32\mswsock.dll
0x00007ff834cb0000 - 0x00007ff834cc6000 	C:\Users\Lapmart\.vscode\extensions\redhat.java-1.45.0-win32-x64\jre\21.0.8-win32-x86_64\bin\nio.dll
0x00007ff83ffb0000 - 0x00007ff83ffc0000 	c:\Users\Lapmart\.vscode\extensions\redhat.java-1.45.0-win32-x64\jre\21.0.8-win32-x86_64\bin\verify.dll
0x00007fffc4f10000 - 0x00007fffc4f54000 	C:\Users\Lapmart\AppData\Roaming\Code\User\globalStorage\redhat.java\1.45.0\config_win\org.eclipse.equinox.launcher\org.eclipse.equinox.launcher.win32.win32.x86_64_1.2.1400.v20250801-0854\eclipse_11916.dll
0x00007ff85dd10000 - 0x00007ff85dea8000 	C:\WINDOWS\System32\ole32.dll
0x00007ff85b160000 - 0x00007ff85b17b000 	C:\WINDOWS\SYSTEM32\CRYPTSP.dll
0x00007ff85a790000 - 0x00007ff85a7cb000 	C:\WINDOWS\system32\rsaenh.dll
0x00007ff85ae30000 - 0x00007ff85ae5b000 	C:\WINDOWS\SYSTEM32\USERENV.dll
0x00007ff85b980000 - 0x00007ff85b9a6000 	C:\WINDOWS\SYSTEM32\bcrypt.dll
0x00007ff85afc0000 - 0x00007ff85afcc000 	C:\WINDOWS\SYSTEM32\CRYPTBASE.dll
0x00007ff85a230000 - 0x00007ff85a264000 	C:\WINDOWS\SYSTEM32\IPHLPAPI.DLL
0x00007ff85d710000 - 0x00007ff85d71a000 	C:\WINDOWS\System32\NSI.dll
0x00007fffad230000 - 0x00007fffad279000 	C:\Users\Lapmart\AppData\Local\Temp\jna-1165294124\jna7059776946150887671.dll
0x00007ff85dfd0000 - 0x00007ff85dfd8000 	C:\WINDOWS\System32\PSAPI.DLL
0x00007ff850360000 - 0x00007ff85037e000 	C:\WINDOWS\SYSTEM32\dhcpcsvc6.DLL
0x00007ff850020000 - 0x00007ff850043000 	C:\WINDOWS\SYSTEM32\dhcpcsvc.DLL

JVMTI agents:
c:\Users\Lapmart\.vscode\extensions\redhat.java-1.45.0-win32-x64\lombok\lombok-1.18.39-4050.jar path:c:\Users\Lapmart\.vscode\extensions\redhat.java-1.45.0-win32-x64\jre\21.0.8-win32-x86_64\bin\instrument.dll, loaded, initialized, instrumentlib options:none

dbghelp: loaded successfully - version: 4.0.5 - missing functions: none
symbol engine: initialized successfully - sym options: 0x614 - pdb path: .;c:\Users\Lapmart\.vscode\extensions\redhat.java-1.45.0-win32-x64\jre\21.0.8-win32-x86_64\bin;C:\WINDOWS\SYSTEM32;C:\WINDOWS\WinSxS\amd64_microsoft.windows.common-controls_6595b64144ccf1df_6.0.26100.5074_none_3e0d6f78e32fd63f;c:\Users\Lapmart\.vscode\extensions\redhat.java-1.45.0-win32-x64\jre\21.0.8-win32-x86_64\bin\server;C:\Users\Lapmart\AppData\Roaming\Code\User\globalStorage\redhat.java\1.45.0\config_win\org.eclipse.equinox.launcher\org.eclipse.equinox.launcher.win32.win32.x86_64_1.2.1400.v20250801-0854;C:\Users\Lapmart\AppData\Local\Temp\jna-1165294124

VM Arguments:
jvm_args: --add-modules=ALL-SYSTEM --add-opens=java.base/java.util=ALL-UNNAMED --add-opens=java.base/java.lang=ALL-UNNAMED --add-opens=java.base/sun.nio.fs=ALL-UNNAMED -Declipse.application=org.eclipse.jdt.ls.core.id1 -Dosgi.bundles.defaultStartLevel=4 -Declipse.product=org.eclipse.jdt.ls.core.product -Djava.import.generatesMetadataFilesAtProjectRoot=false -DDetectVMInstallationsJob.disabled=true -Dfile.encoding=utf8 -XX:+UseParallelGC -XX:GCTimeRatio=4 -XX:AdaptiveSizePolicyWeight=90 -Dsun.zip.disableMemoryMapping=true -Xmx2G -Xms100m -Xlog:disable -javaagent:c:\Users\Lapmart\.vscode\extensions\redhat.java-1.45.0-win32-x64\lombok\lombok-1.18.39-4050.jar -XX:+HeapDumpOnOutOfMemoryError -XX:HeapDumpPath=c:\Users\Lapmart\AppData\Roaming\Code\User\workspaceStorage\a524855042fbc59b763d3498efbc056f\redhat.java -Daether.dependencyCollector.impl=bf 
java_command: c:\Users\Lapmart\.vscode\extensions\redhat.java-1.45.0-win32-x64\server\plugins\org.eclipse.equinox.launcher_1.7.0.v20250519-0528.jar -configuration c:\Users\Lapmart\AppData\Roaming\Code\User\globalStorage\redhat.java\1.45.0\config_win -data c:\Users\Lapmart\AppData\Roaming\Code\User\workspaceStorage\a524855042fbc59b763d3498efbc056f\redhat.java\jdt_ws --pipe=\\.\pipe\lsp-c141fb11cb22ada364375252197c6862-sock
java_class_path (initial): c:\Users\Lapmart\.vscode\extensions\redhat.java-1.45.0-win32-x64\server\plugins\org.eclipse.equinox.launcher_1.7.0.v20250519-0528.jar
Launcher Type: SUN_STANDARD

[Global flags]
    uintx AdaptiveSizePolicyWeight                 = 90                                        {product} {command line}
     intx CICompilerCount                          = 4                                         {product} {ergonomic}
    uintx GCTimeRatio                              = 4                                         {product} {command line}
     bool HeapDumpOnOutOfMemoryError               = true                                   {manageable} {command line}
    ccstr HeapDumpPath                             = c:\Users\Lapmart\AppData\Roaming\Code\User\workspaceStorage\a524855042fbc59b763d3498efbc056f\redhat.java         {manageable} {command line}
   size_t InitialHeapSize                          = 104857600                                 {product} {command line}
   size_t MaxHeapSize                              = 2147483648                                {product} {command line}
   size_t MaxNewSize                               = 715653120                                 {product} {ergonomic}
   size_t MinHeapDeltaBytes                        = 524288                                    {product} {ergonomic}
   size_t MinHeapSize                              = 104857600                                 {product} {command line}
   size_t NewSize                                  = 34603008                                  {product} {ergonomic}
    uintx NonNMethodCodeHeapSize                   = 5839372                                {pd product} {ergonomic}
    uintx NonProfiledCodeHeapSize                  = 122909434                              {pd product} {ergonomic}
   size_t OldSize                                  = 70254592                                  {product} {ergonomic}
    uintx ProfiledCodeHeapSize                     = 122909434                              {pd product} {ergonomic}
    uintx ReservedCodeCacheSize                    = 251658240                              {pd product} {ergonomic}
     bool SegmentedCodeCache                       = true                                      {product} {ergonomic}
   size_t SoftMaxHeapSize                          = 2147483648                             {manageable} {ergonomic}
     bool UseCompressedOops                        = true                           {product lp64_product} {ergonomic}
     bool UseLargePagesIndividualAllocation        = false                                  {pd product} {ergonomic}
     bool UseParallelGC                            = true                                      {product} {command line}

Logging:
Log output configuration:
 #0: stdout all=off uptime,level,tags foldmultilines=false
 #1: stderr all=off uptime,level,tags foldmultilines=false

Environment Variables:
JAVA_HOME=C:\Users\Lapmart\Downloads\jdk-22_windows-x64_bin.zip\jdk-22.0.1
PATH=C:\Program Files\Common Files\Oracle\Java\javapath;C:\WINDOWS\system32;C:\WINDOWS;C:\WINDOWS\System32\Wbem;C:\WINDOWS\System32\WindowsPowerShell\v1.0\;C:\WINDOWS\System32\OpenSSH\;C:\Users\Lapmart\Downloads\jdk-22_windows-x64_bin.zip\jdk-22.0.1\bin;C:\Program Files\nodejs;C:\Program Files\nodejs;C:\Program Files\Git\cmd;C:\Program Files\nodejs\;C:\Program Files\MongoDB\Server\8.0\bin;C:\Program Files (x86)\Microsoft SQL Server\160\Tools\Binn\;C:\Program Files\Microsoft SQL Server\160\Tools\Binn\;C:\Program Files\Microsoft SQL Server\Client SDK\ODBC\170\Tools\Binn\;C:\Program Files\Microsoft SQL Server\160\DTS\Binn\;C:\Users\Lapmart\AppData\Local\Programs\Python\Python313\Scripts\;C:\Users\Lapmart\AppData\Local\Programs\Python\Python313\;C:\Users\Lapmart\AppData\Local\Programs\Python\Launcher\;C:\xampp1\php;C:\Users\Lapmart\AppData\Local\Microsoft\WindowsApps;C:\Users\Lapmart\AppData\Local\Programs\Microsoft VS Code\bin;C:\Program Files\JetBrains\IntelliJ IDEA Community Edition 2024.3.2.1\bin;;C:\Users\Lapmart\AppData\Roaming\npm;C:\Users\Lapmart\AppData\Local\Programs\mongosh\
USERNAME=kaveesha
OS=Windows_NT
PROCESSOR_IDENTIFIER=Intel64 Family 6 Model 142 Stepping 11, GenuineIntel
TMP=C:\Users\Lapmart\AppData\Local\Temp
TEMP=C:\Users\Lapmart\AppData\Local\Temp




Periodic native trim disabled

---------------  S Y S T E M  ---------------

OS:
 Windows 11 , 64 bit Build 26100 (10.0.26100.5074)
OS uptime: 28 days 15:34 hours
Hyper-V role detected

CPU: total 8 (initial active 8) (4 cores per cpu, 2 threads per core) family 6 model 142 stepping 11 microcode 0xec, cx8, cmov, fxsr, ht, mmx, 3dnowpref, sse, sse2, sse3, ssse3, sse4.1, sse4.2, popcnt, lzcnt, tsc, tscinvbit, avx, avx2, aes, erms, clmul, bmi1, bmi2, adx, fma, vzeroupper, clflush, clflushopt, hv, rdtscp, f16c
Processor Information for the first 8 processors :
  Max Mhz: 1800, Current Mhz: 1600, Mhz Limit: 1584

Memory: 4k page, system-wide physical 8062M (438M free)
TotalPageFile size 25042M (AvailPageFile size 7M)
current process WorkingSet (physical memory assigned to process): 8M, peak: 906M
current process commit charge ("private bytes"): 950M, peak: 952M

vm_info: OpenJDK 64-Bit Server VM (21.0.8+9-LTS) for windows-amd64 JRE (21.0.8+9-LTS), built on 2025-07-15T00:00:00Z by "admin" with MS VC++ 17.7 (VS2022)

END.
